<?xml version="1.0" encoding="UTF-8"?>
<testng-results ignored="0" total="1" passed="1" failed="0" skipped="0">
  <reporter-output>
  </reporter-output>
  <suite started-at="2025-08-02T15:12:03 IST" name="Default suite" finished-at="2025-08-02T15:12:42 IST" duration-ms="39720">
    <groups>
    </groups>
    <test started-at="2025-08-02T15:12:03 IST" name="Default test" finished-at="2025-08-02T15:12:42 IST" duration-ms="39720">
      <class name="test.com.LoginTest">
        <test-method is-config="true" signature="setup()[pri:0, instance:test.com.LoginTest@46fa7c39]" started-at="2025-08-02T15:12:03 IST" name="setup" finished-at="2025-08-02T15:12:28 IST" duration-ms="25205" status="PASS">
          <reporter-output>
          </reporter-output>
        </test-method> <!-- setup -->
        <test-method signature="loginTest()[pri:0, instance:test.com.LoginTest@46fa7c39]" started-at="2025-08-02T15:12:28 IST" name="loginTest" finished-at="2025-08-02T15:12:42 IST" duration-ms="14309" status="PASS">
          <reporter-output>
          </reporter-output>
        </test-method> <!-- loginTest -->
      </class> <!-- test.com.LoginTest -->
    </test> <!-- Default test -->
  </suite> <!-- Default suite -->
</testng-results>
